<?xml version="1.0" encoding="UTF-8" ?>
<testsuite failures="4" time="0.517" errors="0" skipped="0" tests="19" name="nz.co.ahc.command.FileManagerTest">
  <properties>
[...]
</properties>
  <testcase time="0.27" classname="nz.co.ahc.command.FileManagerTest" name="testChangeDirectoryCommandNoArguments"/>
  <testcase time="0.003" classname="nz.co.ahc.command.FileManagerTest" name="testChangeDirectoryCommandTwoArguments"/>
  <testcase time="0.005" classname="nz.co.ahc.command.FileManagerTest" name="testChangeDirectoryUpADirectory"/>
  <testcase time="0.002" classname="nz.co.ahc.command.FileManagerTest" name="testEmptyCommand"/>
  <testcase time="0.002" classname="nz.co.ahc.command.FileManagerTest" name="testMakeDirCommandNoArguments"/>
  <testcase time="0.003" classname="nz.co.ahc.command.FileManagerTest" name="testMakeDirCommand"/>
  <testcase time="0.003" classname="nz.co.ahc.command.FileManagerTest" name="testListCommand"/>
  <testcase time="0.004" classname="nz.co.ahc.command.FileManagerTest" name="testChangeDirectoryCommand"/>
  <testcase time="0.018" classname="nz.co.ahc.command.FileManagerTest" name="testMakeAbsoluteDirectory">
    <failure message="
Argument(s) are different! Wanted:
fileManagerPrintStream.println(
    &quot;&lt;D&gt; cheese&quot;
);
-&gt; at nz.co.ahc.command.FileManagerTest.testMakeAbsoluteDirectory(FileManagerTest.java:131)
Actual invocation has different arguments:
fileManagerPrintStream.println(
    &quot;C:\Users\aimana\AppData\Local\Temp\FileManagerTest&quot;
);
-&gt; at nz.co.ahc.command.PrintWorkingDirectoryCommand.handle(PrintWorkingDirectoryCommand.java:8)
" type="Argument(s) are different! Wanted">Argument(s) are different! Wanted:
fileManagerPrintStream.println(
    &quot;&lt;D&gt; cheese&quot;
);
-&gt; at nz.co.ahc.command.FileManagerTest.testMakeAbsoluteDirectory(FileManagerTest.java:131)
Actual invocation has different arguments:
fileManagerPrintStream.println(
    &quot;C:\Users\aimana\AppData\Local\Temp\FileManagerTest&quot;
);
-&gt; at nz.co.ahc.command.PrintWorkingDirectoryCommand.handle(PrintWorkingDirectoryCommand.java:8)

	at sun.reflect.NativeConstructorAccessorImpl.newInstance0(Native Method)
	at sun.reflect.NativeConstructorAccessorImpl.newInstance(NativeConstructorAccessorImpl.java:57)
	at sun.reflect.DelegatingConstructorAccessorImpl.newInstance(DelegatingConstructorAccessorImpl.java:45)
	at java.lang.reflect.Constructor.newInstance(Constructor.java:526)
	at nz.co.ahc.command.FileManagerTest.testMakeAbsoluteDirectory(FileManagerTest.java:131)
	at sun.reflect.NativeMethodAccessorImpl.invoke0(Native Method)
	at sun.reflect.NativeMethodAccessorImpl.invoke(NativeMethodAccessorImpl.java:57)
	at sun.reflect.DelegatingMethodAccessorImpl.invoke(DelegatingMethodAccessorImpl.java:43)
	at java.lang.reflect.Method.invoke(Method.java:606)
	at org.junit.runners.model.FrameworkMethod$1.runReflectiveCall(FrameworkMethod.java:44)
	at org.junit.internal.runners.model.ReflectiveCallable.run(ReflectiveCallable.java:15)
	at org.junit.runners.model.FrameworkMethod.invokeExplosively(FrameworkMethod.java:41)
	at org.junit.internal.runners.statements.InvokeMethod.evaluate(InvokeMethod.java:20)
	at org.junit.internal.runners.statements.RunBefores.evaluate(RunBefores.java:28)
	at org.junit.internal.runners.statements.RunAfters.evaluate(RunAfters.java:31)
	at org.junit.runners.BlockJUnit4ClassRunner.runChild(BlockJUnit4ClassRunner.java:76)
	at org.junit.runners.BlockJUnit4ClassRunner.runChild(BlockJUnit4ClassRunner.java:50)
	at org.junit.runners.ParentRunner$3.run(ParentRunner.java:193)
	at org.junit.runners.ParentRunner$1.schedule(ParentRunner.java:52)
	at org.junit.runners.ParentRunner.runChildren(ParentRunner.java:191)
	at org.junit.runners.ParentRunner.access$000(ParentRunner.java:42)
	at org.junit.runners.ParentRunner$2.evaluate(ParentRunner.java:184)
	at org.junit.runners.ParentRunner.run(ParentRunner.java:236)
	at org.apache.maven.surefire.junit4.JUnit4TestSet.execute(JUnit4TestSet.java:53)
	at org.apache.maven.surefire.junit4.JUnit4Provider.executeTestSet(JUnit4Provider.java:123)
	at org.apache.maven.surefire.junit4.JUnit4Provider.invoke(JUnit4Provider.java:104)
	at sun.reflect.NativeMethodAccessorImpl.invoke0(Native Method)
	at sun.reflect.NativeMethodAccessorImpl.invoke(NativeMethodAccessorImpl.java:57)
	at sun.reflect.DelegatingMethodAccessorImpl.invoke(DelegatingMethodAccessorImpl.java:43)
	at java.lang.reflect.Method.invoke(Method.java:606)
	at org.apache.maven.surefire.util.ReflectionUtils.invokeMethodWithArray(ReflectionUtils.java:164)
	at org.apache.maven.surefire.booter.ProviderFactory$ProviderProxy.invoke(ProviderFactory.java:110)
	at org.apache.maven.surefire.booter.SurefireStarter.invokeProvider(SurefireStarter.java:175)
	at org.apache.maven.surefire.booter.SurefireStarter.runSuitesInProcessWhenForked(SurefireStarter.java:107)
	at org.apache.maven.surefire.booter.ForkedBooter.main(ForkedBooter.java:68)
</failure>
  </testcase>
  <testcase time="0.008" classname="nz.co.ahc.command.FileManagerTest" name="testMakeTwoDirectories">
    <failure message="
Argument(s) are different! Wanted:
fileManagerPrintStream.println(&quot;&lt;D&gt; cheese&quot;);
-&gt; at nz.co.ahc.command.FileManagerTest.testMakeTwoDirectories(FileManagerTest.java:141)
Actual invocation has different arguments:
fileManagerPrintStream.println(&quot;&lt;D&gt; brie&quot;);
-&gt; at nz.co.ahc.command.ListCommand.handle(ListCommand.java:37)
" type="Argument(s) are different! Wanted">Argument(s) are different! Wanted:
fileManagerPrintStream.println(&quot;&lt;D&gt; cheese&quot;);
-&gt; at nz.co.ahc.command.FileManagerTest.testMakeTwoDirectories(FileManagerTest.java:141)
Actual invocation has different arguments:
fileManagerPrintStream.println(&quot;&lt;D&gt; brie&quot;);
-&gt; at nz.co.ahc.command.ListCommand.handle(ListCommand.java:37)

	at sun.reflect.NativeConstructorAccessorImpl.newInstance0(Native Method)
	at sun.reflect.NativeConstructorAccessorImpl.newInstance(NativeConstructorAccessorImpl.java:57)
	at sun.reflect.DelegatingConstructorAccessorImpl.newInstance(DelegatingConstructorAccessorImpl.java:45)
	at java.lang.reflect.Constructor.newInstance(Constructor.java:526)
	at nz.co.ahc.command.FileManagerTest.testMakeTwoDirectories(FileManagerTest.java:141)
	at sun.reflect.NativeMethodAccessorImpl.invoke0(Native Method)
	at sun.reflect.NativeMethodAccessorImpl.invoke(NativeMethodAccessorImpl.java:57)
	at sun.reflect.DelegatingMethodAccessorImpl.invoke(DelegatingMethodAccessorImpl.java:43)
	at java.lang.reflect.Method.invoke(Method.java:606)
	at org.junit.runners.model.FrameworkMethod$1.runReflectiveCall(FrameworkMethod.java:44)
	at org.junit.internal.runners.model.ReflectiveCallable.run(ReflectiveCallable.java:15)
	at org.junit.runners.model.FrameworkMethod.invokeExplosively(FrameworkMethod.java:41)
	at org.junit.internal.runners.statements.InvokeMethod.evaluate(InvokeMethod.java:20)
	at org.junit.internal.runners.statements.RunBefores.evaluate(RunBefores.java:28)
	at org.junit.internal.runners.statements.RunAfters.evaluate(RunAfters.java:31)
	at org.junit.runners.BlockJUnit4ClassRunner.runChild(BlockJUnit4ClassRunner.java:76)
	at org.junit.runners.BlockJUnit4ClassRunner.runChild(BlockJUnit4ClassRunner.java:50)
	at org.junit.runners.ParentRunner$3.run(ParentRunner.java:193)
	at org.junit.runners.ParentRunner$1.schedule(ParentRunner.java:52)
	at org.junit.runners.ParentRunner.runChildren(ParentRunner.java:191)
	at org.junit.runners.ParentRunner.access$000(ParentRunner.java:42)
	at org.junit.runners.ParentRunner$2.evaluate(ParentRunner.java:184)
	at org.junit.runners.ParentRunner.run(ParentRunner.java:236)
	at org.apache.maven.surefire.junit4.JUnit4TestSet.execute(JUnit4TestSet.java:53)
	at org.apache.maven.surefire.junit4.JUnit4Provider.executeTestSet(JUnit4Provider.java:123)
	at org.apache.maven.surefire.junit4.JUnit4Provider.invoke(JUnit4Provider.java:104)
	at sun.reflect.NativeMethodAccessorImpl.invoke0(Native Method)
	at sun.reflect.NativeMethodAccessorImpl.invoke(NativeMethodAccessorImpl.java:57)
	at sun.reflect.DelegatingMethodAccessorImpl.invoke(DelegatingMethodAccessorImpl.java:43)
	at java.lang.reflect.Method.invoke(Method.java:606)
	at org.apache.maven.surefire.util.ReflectionUtils.invokeMethodWithArray(ReflectionUtils.java:164)
	at org.apache.maven.surefire.booter.ProviderFactory$ProviderProxy.invoke(ProviderFactory.java:110)
	at org.apache.maven.surefire.booter.SurefireStarter.invokeProvider(SurefireStarter.java:175)
	at org.apache.maven.surefire.booter.SurefireStarter.runSuitesInProcessWhenForked(SurefireStarter.java:107)
	at org.apache.maven.surefire.booter.ForkedBooter.main(ForkedBooter.java:68)
</failure>
  </testcase>
  <testcase time="0.007" classname="nz.co.ahc.command.FileManagerTest" name="testChangeDirectoryAbsolute">
    <failure message="
Argument(s) are different! Wanted:
fileManagerPrintStream.println(
    &quot;C:\Users\aimana\AppData\Local\Temp\FileManagerTest\cheese&quot;
);
-&gt; at nz.co.ahc.command.FileManagerTest.testChangeDirectoryAbsolute(FileManagerTest.java:152)
Actual invocation has different arguments:
fileManagerPrintStream.println(
    &quot;Directory does not exist: C:\Users\aimana\AppData\Local\Temp\FileManagerTest\cheese&quot;
);
-&gt; at nz.co.ahc.command.ChangeDirectoryCommand.handle(ChangeDirectoryCommand.java:27)
" type="Argument(s) are different! Wanted">Argument(s) are different! Wanted:
fileManagerPrintStream.println(
    &quot;C:\Users\aimana\AppData\Local\Temp\FileManagerTest\cheese&quot;
);
-&gt; at nz.co.ahc.command.FileManagerTest.testChangeDirectoryAbsolute(FileManagerTest.java:152)
Actual invocation has different arguments:
fileManagerPrintStream.println(
    &quot;Directory does not exist: C:\Users\aimana\AppData\Local\Temp\FileManagerTest\cheese&quot;
);
-&gt; at nz.co.ahc.command.ChangeDirectoryCommand.handle(ChangeDirectoryCommand.java:27)

	at sun.reflect.NativeConstructorAccessorImpl.newInstance0(Native Method)
	at sun.reflect.NativeConstructorAccessorImpl.newInstance(NativeConstructorAccessorImpl.java:57)
	at sun.reflect.DelegatingConstructorAccessorImpl.newInstance(DelegatingConstructorAccessorImpl.java:45)
	at java.lang.reflect.Constructor.newInstance(Constructor.java:526)
	at nz.co.ahc.command.FileManagerTest.testChangeDirectoryAbsolute(FileManagerTest.java:152)
	at sun.reflect.NativeMethodAccessorImpl.invoke0(Native Method)
	at sun.reflect.NativeMethodAccessorImpl.invoke(NativeMethodAccessorImpl.java:57)
	at sun.reflect.DelegatingMethodAccessorImpl.invoke(DelegatingMethodAccessorImpl.java:43)
	at java.lang.reflect.Method.invoke(Method.java:606)
	at org.junit.runners.model.FrameworkMethod$1.runReflectiveCall(FrameworkMethod.java:44)
	at org.junit.internal.runners.model.ReflectiveCallable.run(ReflectiveCallable.java:15)
	at org.junit.runners.model.FrameworkMethod.invokeExplosively(FrameworkMethod.java:41)
	at org.junit.internal.runners.statements.InvokeMethod.evaluate(InvokeMethod.java:20)
	at org.junit.internal.runners.statements.RunBefores.evaluate(RunBefores.java:28)
	at org.junit.internal.runners.statements.RunAfters.evaluate(RunAfters.java:31)
	at org.junit.runners.BlockJUnit4ClassRunner.runChild(BlockJUnit4ClassRunner.java:76)
	at org.junit.runners.BlockJUnit4ClassRunner.runChild(BlockJUnit4ClassRunner.java:50)
	at org.junit.runners.ParentRunner$3.run(ParentRunner.java:193)
	at org.junit.runners.ParentRunner$1.schedule(ParentRunner.java:52)
	at org.junit.runners.ParentRunner.runChildren(ParentRunner.java:191)
	at org.junit.runners.ParentRunner.access$000(ParentRunner.java:42)
	at org.junit.runners.ParentRunner$2.evaluate(ParentRunner.java:184)
	at org.junit.runners.ParentRunner.run(ParentRunner.java:236)
	at org.apache.maven.surefire.junit4.JUnit4TestSet.execute(JUnit4TestSet.java:53)
	at org.apache.maven.surefire.junit4.JUnit4Provider.executeTestSet(JUnit4Provider.java:123)
	at org.apache.maven.surefire.junit4.JUnit4Provider.invoke(JUnit4Provider.java:104)
	at sun.reflect.NativeMethodAccessorImpl.invoke0(Native Method)
	at sun.reflect.NativeMethodAccessorImpl.invoke(NativeMethodAccessorImpl.java:57)
	at sun.reflect.DelegatingMethodAccessorImpl.invoke(DelegatingMethodAccessorImpl.java:43)
	at java.lang.reflect.Method.invoke(Method.java:606)
	at org.apache.maven.surefire.util.ReflectionUtils.invokeMethodWithArray(ReflectionUtils.java:164)
	at org.apache.maven.surefire.booter.ProviderFactory$ProviderProxy.invoke(ProviderFactory.java:110)
	at org.apache.maven.surefire.booter.SurefireStarter.invokeProvider(SurefireStarter.java:175)
	at org.apache.maven.surefire.booter.SurefireStarter.runSuitesInProcessWhenForked(SurefireStarter.java:107)
	at org.apache.maven.surefire.booter.ForkedBooter.main(ForkedBooter.java:68)
</failure>
  </testcase>
  <testcase time="0.005" classname="nz.co.ahc.command.FileManagerTest" name="testListRelative"/>
  <testcase time="0.011" classname="nz.co.ahc.command.FileManagerTest" name="testListAbsolute">
    <failure message="
Argument(s) are different! Wanted:
fileManagerPrintStream.println(
    &quot;&lt;D&gt; brie&quot;
);
-&gt; at nz.co.ahc.command.FileManagerTest.testListAbsolute(FileManagerTest.java:170)
Actual invocation has different arguments:
fileManagerPrintStream.println(
    &quot;Directory does not exist: C:\Users\aimana\AppData\Local\Temp\FileManagerTest\cheese&quot;
);
-&gt; at nz.co.ahc.command.ListCommand.handle(ListCommand.java:25)
" type="Argument(s) are different! Wanted">Argument(s) are different! Wanted:
fileManagerPrintStream.println(
    &quot;&lt;D&gt; brie&quot;
);
-&gt; at nz.co.ahc.command.FileManagerTest.testListAbsolute(FileManagerTest.java:170)
Actual invocation has different arguments:
fileManagerPrintStream.println(
    &quot;Directory does not exist: C:\Users\aimana\AppData\Local\Temp\FileManagerTest\cheese&quot;
);
-&gt; at nz.co.ahc.command.ListCommand.handle(ListCommand.java:25)

	at sun.reflect.NativeConstructorAccessorImpl.newInstance0(Native Method)
	at sun.reflect.NativeConstructorAccessorImpl.newInstance(NativeConstructorAccessorImpl.java:57)
	at sun.reflect.DelegatingConstructorAccessorImpl.newInstance(DelegatingConstructorAccessorImpl.java:45)
	at java.lang.reflect.Constructor.newInstance(Constructor.java:526)
	at nz.co.ahc.command.FileManagerTest.testListAbsolute(FileManagerTest.java:170)
	at sun.reflect.NativeMethodAccessorImpl.invoke0(Native Method)
	at sun.reflect.NativeMethodAccessorImpl.invoke(NativeMethodAccessorImpl.java:57)
	at sun.reflect.DelegatingMethodAccessorImpl.invoke(DelegatingMethodAccessorImpl.java:43)
	at java.lang.reflect.Method.invoke(Method.java:606)
	at org.junit.runners.model.FrameworkMethod$1.runReflectiveCall(FrameworkMethod.java:44)
	at org.junit.internal.runners.model.ReflectiveCallable.run(ReflectiveCallable.java:15)
	at org.junit.runners.model.FrameworkMethod.invokeExplosively(FrameworkMethod.java:41)
	at org.junit.internal.runners.statements.InvokeMethod.evaluate(InvokeMethod.java:20)
	at org.junit.internal.runners.statements.RunBefores.evaluate(RunBefores.java:28)
	at org.junit.internal.runners.statements.RunAfters.evaluate(RunAfters.java:31)
	at org.junit.runners.BlockJUnit4ClassRunner.runChild(BlockJUnit4ClassRunner.java:76)
	at org.junit.runners.BlockJUnit4ClassRunner.runChild(BlockJUnit4ClassRunner.java:50)
	at org.junit.runners.ParentRunner$3.run(ParentRunner.java:193)
	at org.junit.runners.ParentRunner$1.schedule(ParentRunner.java:52)
	at org.junit.runners.ParentRunner.runChildren(ParentRunner.java:191)
	at org.junit.runners.ParentRunner.access$000(ParentRunner.java:42)
	at org.junit.runners.ParentRunner$2.evaluate(ParentRunner.java:184)
	at org.junit.runners.ParentRunner.run(ParentRunner.java:236)
	at org.apache.maven.surefire.junit4.JUnit4TestSet.execute(JUnit4TestSet.java:53)
	at org.apache.maven.surefire.junit4.JUnit4Provider.executeTestSet(JUnit4Provider.java:123)
	at org.apache.maven.surefire.junit4.JUnit4Provider.invoke(JUnit4Provider.java:104)
	at sun.reflect.NativeMethodAccessorImpl.invoke0(Native Method)
	at sun.reflect.NativeMethodAccessorImpl.invoke(NativeMethodAccessorImpl.java:57)
	at sun.reflect.DelegatingMethodAccessorImpl.invoke(DelegatingMethodAccessorImpl.java:43)
	at java.lang.reflect.Method.invoke(Method.java:606)
	at org.apache.maven.surefire.util.ReflectionUtils.invokeMethodWithArray(ReflectionUtils.java:164)
	at org.apache.maven.surefire.booter.ProviderFactory$ProviderProxy.invoke(ProviderFactory.java:110)
	at org.apache.maven.surefire.booter.SurefireStarter.invokeProvider(SurefireStarter.java:175)
	at org.apache.maven.surefire.booter.SurefireStarter.runSuitesInProcessWhenForked(SurefireStarter.java:107)
	at org.apache.maven.surefire.booter.ForkedBooter.main(ForkedBooter.java:68)
</failure>
  </testcase>
  <testcase time="0.003" classname="nz.co.ahc.command.FileManagerTest" name="testListIncorrectName"/>
  <testcase time="0.008" classname="nz.co.ahc.command.FileManagerTest" name="testListFilesAndDirectories"/>
  <testcase time="0.007" classname="nz.co.ahc.command.FileManagerTest" name="testCanNotListFile"/>
  <testcase time="0.003" classname="nz.co.ahc.command.FileManagerTest" name="testUnkownCommand"/>
  <testcase time="0.003" classname="nz.co.ahc.command.FileManagerTest" name="testPwd"/>
  <testcase time="0.077" classname="nz.co.ahc.command.FileManagerTest" name="testChangeDirectoryOnlyLetsYouChangeToDirectories"/>
</testsuite>